[21:51:59.412 Verbose] - BuildManager - C:\Users\franc\source\repos\MotivatorPluginCore\MotivatorPluginCore\AbstractPlanning.cs(354,17): warning CS0162: Code inaccessible détecté
[21:51:59.412 Verbose] - BuildManager - C:\Users\franc\source\repos\MotivatorPluginCore\MotivatorPluginCore\AbstractPlanning.cs(427,104): error CS0103: Le nom 'day' n'existe pas dans le contexte actuel
[21:51:59.412 Verbose] - BuildManager - C:\Users\franc\source\repos\MotivatorPluginCore\MotivatorPluginCore\AbstractPlanning.cs(106,50): warning CS0067: L'événement 'AbstractPlanning.DayDecal' n'est jamais utilisé
[21:51:59.412 Verbose] - BuildManager - C:\Users\franc\source\repos\MotivatorPluginCore\MotivatorPluginCore\AbstractRoadmap.cs(10,16): warning CS0169: Le champ 'AbstractRoadmap.nom' n'est jamais utilisé
[21:51:59.412 Verbose] - BuildManager - C:\Users\franc\source\repos\MotivatorPluginCore\MotivatorPluginCore\AbstractPlanning.cs(120,35): warning CS0067: L'événement 'AbstractPlanning.RequestMenuChoices' n'est jamais utilisé
[21:51:59.412 Verbose] - BuildManager - C:\Users\franc\source\repos\MotivatorPluginCore\MotivatorPluginCore\AbstractPlanning.cs(112,42): warning CS0067: L'événement 'AbstractPlanning.AbstractTaskPaused' n'est jamais utilisé
[21:51:59.412 Verbose] - BuildManager - C:\Users\franc\source\repos\MotivatorPluginCore\MotivatorPluginCore\AbstractTask.cs(35,35): warning CS0067: L'événement 'AbstractTask.ITaskPaused' n'est jamais utilisé
[21:51:59.412 Verbose] - BuildManager - C:\Users\franc\source\repos\MotivatorPluginCore\MotivatorPluginCore\AbstractPlanning.cs(121,35): warning CS0067: L'événement 'AbstractPlanning.Saved' n'est jamais utilisé
[21:51:59.412 Verbose] - BuildManager - C:\Users\franc\source\repos\MotivatorPluginCore\MotivatorPluginCore\AbstractPlanning.cs(109,42): warning CS0067: L'événement 'AbstractPlanning.PlanningStarted' n'est jamais utilisé
[21:51:59.412 Verbose] - BuildManager - C:\Users\franc\source\repos\MotivatorPluginCore\MotivatorPluginCore\AbstractPlanning.cs(113,42): warning CS0067: L'événement 'AbstractPlanning.AbstractTaskResumed' n'est jamais utilisé
[21:51:59.412 Verbose] - BuildManager - C:\Users\franc\source\repos\MotivatorPluginCore\MotivatorPluginCore\AbstractTask.cs(38,35): warning CS0067: L'événement 'AbstractTask.ITaskSkipped' n'est jamais utilisé
[21:51:59.412 Verbose] - BuildManager - C:\Users\franc\source\repos\MotivatorPluginCore\MotivatorPluginCore\AbstractTask.cs(37,35): warning CS0067: L'événement 'AbstractTask.ITaskDelayed' n'est jamais utilisé
[21:51:59.412 Verbose] - BuildManager - C:\Users\franc\source\repos\MotivatorPluginCore\MotivatorPluginCore\AbstractTask.cs(36,35): warning CS0067: L'événement 'AbstractTask.ITaskResumed' n'est jamais utilisé
[21:51:59.412 Verbose] - BuildManager - C:\Users\franc\source\repos\MotivatorPluginCore\MotivatorPluginCore\AbstractTask.cs(56,50): warning CS0067: L'événement 'AbstractTask.PropertyChanged' n'est jamais utilisé
[21:51:59.412 Verbose] - BuildManager - C:\Users\franc\source\repos\MotivatorPluginCore\MotivatorPluginCore\AbstractPlanning.cs(111,42): warning CS0067: L'événement 'AbstractPlanning.AbstractTaskStarted' n'est jamais utilisé
[21:51:59.412 Verbose] - BuildManager - C:\Users\franc\source\repos\MotivatorPluginCore\MotivatorPluginCore\PreMenuChoice.cs(24,24): warning CS0414: Le champ 'PreMenuChoice.description' est assigné, mais sa valeur n'est jamais utilisée
[21:51:59.412 Verbose] - BuildManager - C:\Users\franc\source\repos\MotivatorPluginCore\MotivatorPluginCore\AbstractTask.cs(111,21): warning CS0414: Le champ 'AbstractTask.waitConfigureMin' est assigné, mais sa valeur n'est jamais utilisée
[21:51:59.412 Verbose] - BuildManager - C:\Program Files (x86)\Microsoft Visual Studio\2019\Enterprise\MSBuild\Current\Bin\Roslyn\Microsoft.CSharp.Core.targets(70,5): error MSB4181: la tâche "Csc" a retourné false mais n'a pas journalisé d'erreur.
[21:51:59.427 Verbose] - BuildManager - Il manque certains des chemins de fichiers définis dans csproj au sein du chemin de build de Live Unit Testing. Vérifiez si ces fichiers doivent figurer dans le chemin de build de Live Unit Testing et, si nécessaire, mettez à jour la définition de csproj pour rechercher ces fichiers à un autre emplacement.
[21:51:59.427 Verbose] - BuildManager - Élément _OutputPathItem 'C:\Users\franc\source\repos\MotivatorEngine\.vs\MotivatorEngine\v16\lut\17424\b\MotivatorPluginCore\Debug\netcoreapp3.1\' évalué via :
_OutputPathItem: '$(OutDir)' @ C:\Program Files (x86)\Microsoft Visual Studio\2019\Enterprise\MSBuild\Current\Bin\Microsoft.Common.CurrentVersion.targets:272
  OutDir: '$(OutputPath)' @ C:\Program Files (x86)\Microsoft Visual Studio\2019\Enterprise\MSBuild\Current\Bin\Microsoft.Common.CurrentVersion.targets:193
    OutputPath: '$(OutputPath)$(TargetFramework.ToLowerInvariant())\' @ C:\Program Files\dotnet\sdk\3.1.402\Sdks\Microsoft.NET.Sdk\targets\Microsoft.NET.TargetFrameworkInference.targets:186
      OutputPath: '$(BaseOutputPath)$(Configuration)\' @ C:\Program Files\dotnet\sdk\3.1.402\Sdks\Microsoft.NET.Sdk\targets\Microsoft.NET.DefaultOutputPaths.targets:33
        BaseOutputPath: 'C:\Users\franc\source\repos\MotivatorEngine\.vs\MotivatorEngine\v16\lut\17424\b\MotivatorPluginCore\' @ C:\Users\franc\source\repos\MotivatorPluginCore\MotivatorPluginCore\MotivatorPluginCore.csproj:0
        Configuration: 'Debug'
[21:51:59.427 Verbose] - BuildManager - Élément AppConfigFileDestination 'C:\Users\franc\source\repos\MotivatorEngine\.vs\MotivatorEngine\v16\lut\17424\b\MotivatorPluginCore\Debug\netcoreapp3.1\MotivatorPluginCore.dll.config' évalué via :
AppConfigFileDestination: '$(OutDir)$(TargetFileName).config' @ C:\Program Files (x86)\Microsoft Visual Studio\2019\Enterprise\MSBuild\Current\Bin\Microsoft.Common.CurrentVersion.targets:303
  OutDir: '$(OutputPath)' @ C:\Program Files (x86)\Microsoft Visual Studio\2019\Enterprise\MSBuild\Current\Bin\Microsoft.Common.CurrentVersion.targets:193
    OutputPath: '$(OutputPath)$(TargetFramework.ToLowerInvariant())\' @ C:\Program Files\dotnet\sdk\3.1.402\Sdks\Microsoft.NET.Sdk\targets\Microsoft.NET.TargetFrameworkInference.targets:186
      OutputPath: '$(BaseOutputPath)$(Configuration)\' @ C:\Program Files\dotnet\sdk\3.1.402\Sdks\Microsoft.NET.Sdk\targets\Microsoft.NET.DefaultOutputPaths.targets:33
        BaseOutputPath: 'C:\Users\franc\source\repos\MotivatorEngine\.vs\MotivatorEngine\v16\lut\17424\b\MotivatorPluginCore\' @ C:\Users\franc\source\repos\MotivatorPluginCore\MotivatorPluginCore\MotivatorPluginCore.csproj:0
        Configuration: 'Debug'
  TargetFileName: '$(TargetName)$(TargetExt)' @ C:\Program Files (x86)\Microsoft Visual Studio\2019\Enterprise\MSBuild\Current\Bin\Microsoft.Common.CurrentVersion.targets:212
    TargetName: '$(AssemblyName)' @ C:\Program Files (x86)\Microsoft Visual Studio\2019\Enterprise\MSBuild\Current\Bin\Microsoft.Common.CurrentVersion.targets:204
      AssemblyName: '$(MSBuildProjectName)' @ C:\Program Files\dotnet\sdk\3.1.402\Sdks\Microsoft.NET.Sdk\targets\Microsoft.NET.Sdk.props:32
        MSBuildProjectName: 'MotivatorPluginCore'
    TargetExt: '.dll' @ C:\Program Files\dotnet\sdk\3.1.402\Sdks\Microsoft.NET.Sdk\targets\Microsoft.NET.Sdk.BeforeCommon.targets:82
[21:51:59.427 Verbose] - BuildManager - Élément _DebugSymbolsOutputPath 'C:\Users\franc\source\repos\MotivatorEngine\.vs\MotivatorEngine\v16\lut\17424\b\MotivatorPluginCore\Debug\netcoreapp3.1\MotivatorPluginCore.pdb' évalué via :
_DebugSymbolsOutputPath: '@(_DebugSymbolsIntermediatePath->'$(OutDir)%(Filename)%(Extension)')' @ C:\Program Files (x86)\Microsoft Visual Studio\2019\Enterprise\MSBuild\Current\Bin\Microsoft.Common.CurrentVersion.targets:372
  OutDir: '$(OutputPath)' @ C:\Program Files (x86)\Microsoft Visual Studio\2019\Enterprise\MSBuild\Current\Bin\Microsoft.Common.CurrentVersion.targets:193
    OutputPath: '$(OutputPath)$(TargetFramework.ToLowerInvariant())\' @ C:\Program Files\dotnet\sdk\3.1.402\Sdks\Microsoft.NET.Sdk\targets\Microsoft.NET.TargetFrameworkInference.targets:186
      OutputPath: '$(BaseOutputPath)$(Configuration)\' @ C:\Program Files\dotnet\sdk\3.1.402\Sdks\Microsoft.NET.Sdk\targets\Microsoft.NET.DefaultOutputPaths.targets:33
        BaseOutputPath: 'C:\Users\franc\source\repos\MotivatorEngine\.vs\MotivatorEngine\v16\lut\17424\b\MotivatorPluginCore\' @ C:\Users\franc\source\repos\MotivatorPluginCore\MotivatorPluginCore\MotivatorPluginCore.csproj:0
        Configuration: 'Debug'
[21:51:59.428 Verbose] - BuildManager - Élément _ApplicationManifestFinal 'C:\Users\franc\source\repos\MotivatorEngine\.vs\MotivatorEngine\v16\lut\17424\b\MotivatorPluginCore\Debug\netcoreapp3.1\Native.MotivatorPluginCore.manifest' évalué via :
_ApplicationManifestFinal: '$(OutDir)$(_DeploymentTargetApplicationManifestFileName)' @ C:\Program Files (x86)\Microsoft Visual Studio\2019\Enterprise\MSBuild\Current\Bin\Microsoft.Common.CurrentVersion.targets:410
  OutDir: '$(OutputPath)' @ C:\Program Files (x86)\Microsoft Visual Studio\2019\Enterprise\MSBuild\Current\Bin\Microsoft.Common.CurrentVersion.targets:193
    OutputPath: '$(OutputPath)$(TargetFramework.ToLowerInvariant())\' @ C:\Program Files\dotnet\sdk\3.1.402\Sdks\Microsoft.NET.Sdk\targets\Microsoft.NET.TargetFrameworkInference.targets:186
      OutputPath: '$(BaseOutputPath)$(Configuration)\' @ C:\Program Files\dotnet\sdk\3.1.402\Sdks\Microsoft.NET.Sdk\targets\Microsoft.NET.DefaultOutputPaths.targets:33
        BaseOutputPath: 'C:\Users\franc\source\repos\MotivatorEngine\.vs\MotivatorEngine\v16\lut\17424\b\MotivatorPluginCore\' @ C:\Users\franc\source\repos\MotivatorPluginCore\MotivatorPluginCore\MotivatorPluginCore.csproj:0
        Configuration: 'Debug'
  _DeploymentTargetApplicationManifestFileName: 'Native.$(AssemblyName).manifest' @ C:\Program Files (x86)\Microsoft Visual Studio\2019\Enterprise\MSBuild\Current\Bin\Microsoft.Common.CurrentVersion.targets:228
    AssemblyName: '$(MSBuildProjectName)' @ C:\Program Files\dotnet\sdk\3.1.402\Sdks\Microsoft.NET.Sdk\targets\Microsoft.NET.Sdk.props:32
      MSBuildProjectName: 'MotivatorPluginCore'
